Base path: 'D:/Program Files (x86)/Unity Editors/2019.4.0f1/Editor/Data', plugins path 'D:/Program Files (x86)/Unity Editors/2019.4.0f1/Editor/Data/PlaybackEngines'
Cmd: initializeCompiler
Cmd: preprocess
  insize=47057 outsize=2563 ok=1
Cmd: compileSnippet
  api=4 type=0 insize=8352 outsize=1026 kw=UNITY_PASS_SHADOWCASTER pd=UNITY_ENABLE_REFLECTION_BUFFERS UNITY_USE_DITHER_MASK_FOR_ALPHABLENDED_SHADOWS UNITY_PBS_USE_BRDF1 UNITY_SPECCUBE_BOX_PROJECTION UNITY_SPECCUBE_BLENDING UNITY_ENABLE_DETAIL_NORMALMAP SHADER_API_DESKTOP UNITY_COLORSPACE_GAMMA UNITY_LIGHT_PROBE_PROXY_VOLUME UNITY_LIGHTMAP_FULL_HDR ok=1
Cmd: compileSnippet
  api=4 type=1 insize=8352 outsize=218 kw=UNITY_PASS_SHADOWCASTER pd=UNITY_ENABLE_REFLECTION_BUFFERS UNITY_USE_DITHER_MASK_FOR_ALPHABLENDED_SHADOWS UNITY_PBS_USE_BRDF1 UNITY_SPECCUBE_BOX_PROJECTION UNITY_SPECCUBE_BLENDING UNITY_ENABLE_DETAIL_NORMALMAP SHADER_API_DESKTOP UNITY_COLORSPACE_GAMMA UNITY_LIGHT_PROBE_PROXY_VOLUME UNITY_LIGHTMAP_FULL_HDR ok=1
Cmd: compileSnippet
  api=4 type=0 insize=12038 outsize=3710 kw=_MAIN_LIGHT_SHADOWS _MAIN_LIGHT_SHADOWS_CASCADE _SHADOWS_SOFT _ADDITIONAL_LIGHTS_VERTEX pd=UNITY_ENABLE_REFLECTION_BUFFERS UNITY_USE_DITHER_MASK_FOR_ALPHABLENDED_SHADOWS UNITY_PBS_USE_BRDF1 UNITY_SPECCUBE_BOX_PROJECTION UNITY_SPECCUBE_BLENDING UNITY_ENABLE_DETAIL_NORMALMAP SHADER_API_DESKTOP UNITY_COLORSPACE_GAMMA UNITY_LIGHT_PROBE_PROXY_VOLUME UNITY_LIGHTMAP_FULL_HDR ok=1
Cmd: compileSnippet
  api=4 type=1 insize=12038 outsize=5182 kw=_MAIN_LIGHT_SHADOWS _MAIN_LIGHT_SHADOWS_CASCADE _SHADOWS_SOFT _ADDITIONAL_LIGHTS_VERTEX pd=UNITY_ENABLE_REFLECTION_BUFFERS UNITY_USE_DITHER_MASK_FOR_ALPHABLENDED_SHADOWS UNITY_PBS_USE_BRDF1 UNITY_SPECCUBE_BOX_PROJECTION UNITY_SPECCUBE_BLENDING UNITY_ENABLE_DETAIL_NORMALMAP SHADER_API_DESKTOP UNITY_COLORSPACE_GAMMA UNITY_LIGHT_PROBE_PROXY_VOLUME UNITY_LIGHTMAP_FULL_HDR ok=1
Cmd: compileSnippet
  api=4 type=0 insize=12038 outsize=2990 kw=_ADDITIONAL_LIGHTS_VERTEX pd=UNITY_ENABLE_REFLECTION_BUFFERS UNITY_USE_DITHER_MASK_FOR_ALPHABLENDED_SHADOWS UNITY_PBS_USE_BRDF1 UNITY_SPECCUBE_BOX_PROJECTION UNITY_SPECCUBE_BLENDING UNITY_ENABLE_DETAIL_NORMALMAP SHADER_API_DESKTOP UNITY_COLORSPACE_GAMMA UNITY_LIGHT_PROBE_PROXY_VOLUME UNITY_LIGHTMAP_FULL_HDR ok=1
Cmd: compileSnippet
  api=4 type=1 insize=12038 outsize=2002 kw=_ADDITIONAL_LIGHTS_VERTEX pd=UNITY_ENABLE_REFLECTION_BUFFERS UNITY_USE_DITHER_MASK_FOR_ALPHABLENDED_SHADOWS UNITY_PBS_USE_BRDF1 UNITY_SPECCUBE_BOX_PROJECTION UNITY_SPECCUBE_BLENDING UNITY_ENABLE_DETAIL_NORMALMAP SHADER_API_DESKTOP UNITY_COLORSPACE_GAMMA UNITY_LIGHT_PROBE_PROXY_VOLUME UNITY_LIGHTMAP_FULL_HDR ok=1
Cmd: preprocess
  insize=811 outsize=209 ok=1
Cmd: preprocess
  insize=50079 outsize=2540 ok=1
Cmd: compileSnippet
  api=4 type=0 insize=9007 outsize=1026 kw=UNITY_PASS_SHADOWCASTER pd=UNITY_ENABLE_REFLECTION_BUFFERS UNITY_USE_DITHER_MASK_FOR_ALPHABLENDED_SHADOWS UNITY_PBS_USE_BRDF1 UNITY_SPECCUBE_BOX_PROJECTION UNITY_SPECCUBE_BLENDING UNITY_ENABLE_DETAIL_NORMALMAP SHADER_API_DESKTOP UNITY_COLORSPACE_GAMMA UNITY_LIGHT_PROBE_PROXY_VOLUME UNITY_LIGHTMAP_FULL_HDR ok=1
Cmd: preprocess
  insize=811 outsize=209 ok=1
Cmd: preprocess
  insize=3749 outsize=281 ok=1
Cmd: preprocess
  insize=811 outsize=209 ok=1
Cmd: preprocess
  insize=811 outsize=209 ok=1
Cmd: preprocess
  insize=3133 outsize=278 ok=1
Cmd: preprocess
  insize=3045 outsize=282 ok=1
Cmd: preprocess
  insize=3045 outsize=282 ok=1
Cmd: preprocess
  insize=3133 outsize=278 ok=1
Cmd: preprocess
  insize=3045 outsize=282 ok=1
Cmd: preprocess
  insize=3133 outsize=278 ok=1
Cmd: preprocess
  insize=811 outsize=209 ok=1
Cmd: preprocess
  insize=2798 outsize=278 ok=1
Cmd: preprocess
  insize=811 outsize=209 ok=1
Cmd: preprocess
  insize=2518 outsize=282 ok=1
Cmd: preprocess
  insize=2518 outsize=282 ok=1
Cmd: preprocess
  insize=2655 outsize=281 ok=1
Cmd: preprocess
  insize=2728 outsize=282 ok=1
Cmd: preprocess
  insize=2738 outsize=282 ok=1
Cmd: preprocess
  insize=3002 outsize=282 ok=1
Cmd: preprocess
  insize=3083 outsize=282 ok=1
Cmd: preprocess
  insize=3164 outsize=282 ok=1
Cmd: preprocess
  insize=3165 outsize=282 ok=1
Cmd: preprocess
  insize=3219 outsize=281 ok=1
Cmd: preprocess
  insize=3221 outsize=282 ok=1
Cmd: preprocess
  insize=3235 outsize=282 ok=1
Cmd: preprocess
  insize=3243 outsize=282 ok=1
Cmd: preprocess
  insize=3244 outsize=282 ok=1
Cmd: preprocess
  insize=3244 outsize=282 ok=1
Cmd: preprocess
  insize=3239 outsize=282 ok=1
Cmd: preprocess
  insize=811 outsize=209 ok=1
Cmd: preprocess
  insize=3033 outsize=276 ok=1
Cmd: preprocess
  insize=3514 outsize=284 ok=1
Cmd: preprocess
  insize=2790 outsize=278 ok=1
Cmd: compileSnippet
  error: 1 plat 4 at (75): 'TransformObjectToWorld': implicit truncation of vector type\nCompiling Vertex program
Platform defines: UNITY_ENABLE_REFLECTION_BUFFERS UNITY_USE_DITHER_MASK_FOR_ALPHABLENDED_SHADOWS UNITY_PBS_USE_BRDF1 UNITY_SPECCUBE_BOX_PROJECTION UNITY_SPECCUBE_BLENDING UNITY_ENABLE_DETAIL_NORMALMAP SHADER_API_DESKTOP UNITY_COLORSPACE_GAMMA UNITY_LIGHT_PROBE_PROXY_VOLUME UNITY_LIGHTMAP_FULL_HDR
  api=4 type=0 insize=2843 outsize=530 kw= pd=UNITY_ENABLE_REFLECTION_BUFFERS UNITY_USE_DITHER_MASK_FOR_ALPHABLENDED_SHADOWS UNITY_PBS_USE_BRDF1 UNITY_SPECCUBE_BOX_PROJECTION UNITY_SPECCUBE_BLENDING UNITY_ENABLE_DETAIL_NORMALMAP SHADER_API_DESKTOP UNITY_COLORSPACE_GAMMA UNITY_LIGHT_PROBE_PROXY_VOLUME UNITY_LIGHTMAP_FULL_HDR ok=1
Cmd: preprocess
  insize=2790 outsize=277 ok=1
Cmd: compileSnippet
  error: 1 plat 4 at (75): 'TransformObjectToWorld': implicit truncation of vector type\nCompiling Vertex program
Platform defines: UNITY_ENABLE_REFLECTION_BUFFERS UNITY_USE_DITHER_MASK_FOR_ALPHABLENDED_SHADOWS UNITY_PBS_USE_BRDF1 UNITY_SPECCUBE_BOX_PROJECTION UNITY_SPECCUBE_BLENDING UNITY_ENABLE_DETAIL_NORMALMAP SHADER_API_DESKTOP UNITY_COLORSPACE_GAMMA UNITY_LIGHT_PROBE_PROXY_VOLUME UNITY_LIGHTMAP_FULL_HDR
  api=4 type=0 insize=2843 outsize=530 kw= pd=UNITY_ENABLE_REFLECTION_BUFFERS UNITY_USE_DITHER_MASK_FOR_ALPHABLENDED_SHADOWS UNITY_PBS_USE_BRDF1 UNITY_SPECCUBE_BOX_PROJECTION UNITY_SPECCUBE_BLENDING UNITY_ENABLE_DETAIL_NORMALMAP SHADER_API_DESKTOP UNITY_COLORSPACE_GAMMA UNITY_LIGHT_PROBE_PROXY_VOLUME UNITY_LIGHTMAP_FULL_HDR ok=1
Cmd: preprocess
  insize=2904 outsize=278 ok=1
Cmd: compileSnippet
  error: 1 plat 4 at (78): 'TransformObjectToWorld': implicit truncation of vector type\nCompiling Vertex program
Platform defines: UNITY_ENABLE_REFLECTION_BUFFERS UNITY_USE_DITHER_MASK_FOR_ALPHABLENDED_SHADOWS UNITY_PBS_USE_BRDF1 UNITY_SPECCUBE_BOX_PROJECTION UNITY_SPECCUBE_BLENDING UNITY_ENABLE_DETAIL_NORMALMAP SHADER_API_DESKTOP UNITY_COLORSPACE_GAMMA UNITY_LIGHT_PROBE_PROXY_VOLUME UNITY_LIGHTMAP_FULL_HDR
  api=4 type=0 insize=2957 outsize=530 kw= pd=UNITY_ENABLE_REFLECTION_BUFFERS UNITY_USE_DITHER_MASK_FOR_ALPHABLENDED_SHADOWS UNITY_PBS_USE_BRDF1 UNITY_SPECCUBE_BOX_PROJECTION UNITY_SPECCUBE_BLENDING UNITY_ENABLE_DETAIL_NORMALMAP SHADER_API_DESKTOP UNITY_COLORSPACE_GAMMA UNITY_LIGHT_PROBE_PROXY_VOLUME UNITY_LIGHTMAP_FULL_HDR ok=1
Cmd: preprocess
  insize=2912 outsize=278 ok=1
Cmd: compileSnippet
  error: 1 plat 4 at (78): 'TransformObjectToWorld': implicit truncation of vector type\nCompiling Vertex program
Platform defines: UNITY_ENABLE_REFLECTION_BUFFERS UNITY_USE_DITHER_MASK_FOR_ALPHABLENDED_SHADOWS UNITY_PBS_USE_BRDF1 UNITY_SPECCUBE_BOX_PROJECTION UNITY_SPECCUBE_BLENDING UNITY_ENABLE_DETAIL_NORMALMAP SHADER_API_DESKTOP UNITY_COLORSPACE_GAMMA UNITY_LIGHT_PROBE_PROXY_VOLUME UNITY_LIGHTMAP_FULL_HDR
  api=4 type=0 insize=2965 outsize=530 kw= pd=UNITY_ENABLE_REFLECTION_BUFFERS UNITY_USE_DITHER_MASK_FOR_ALPHABLENDED_SHADOWS UNITY_PBS_USE_BRDF1 UNITY_SPECCUBE_BOX_PROJECTION UNITY_SPECCUBE_BLENDING UNITY_ENABLE_DETAIL_NORMALMAP SHADER_API_DESKTOP UNITY_COLORSPACE_GAMMA UNITY_LIGHT_PROBE_PROXY_VOLUME UNITY_LIGHTMAP_FULL_HDR ok=1
Cmd: preprocess
  insize=2914 outsize=278 ok=1
Cmd: compileSnippet
  error: 1 plat 4 at (78): 'TransformObjectToWorld': implicit truncation of vector type\nCompiling Vertex program
Platform defines: UNITY_ENABLE_REFLECTION_BUFFERS UNITY_USE_DITHER_MASK_FOR_ALPHABLENDED_SHADOWS UNITY_PBS_USE_BRDF1 UNITY_SPECCUBE_BOX_PROJECTION UNITY_SPECCUBE_BLENDING UNITY_ENABLE_DETAIL_NORMALMAP SHADER_API_DESKTOP UNITY_COLORSPACE_GAMMA UNITY_LIGHT_PROBE_PROXY_VOLUME UNITY_LIGHTMAP_FULL_HDR
  api=4 type=0 insize=2967 outsize=530 kw= pd=UNITY_ENABLE_REFLECTION_BUFFERS UNITY_USE_DITHER_MASK_FOR_ALPHABLENDED_SHADOWS UNITY_PBS_USE_BRDF1 UNITY_SPECCUBE_BOX_PROJECTION UNITY_SPECCUBE_BLENDING UNITY_ENABLE_DETAIL_NORMALMAP SHADER_API_DESKTOP UNITY_COLORSPACE_GAMMA UNITY_LIGHT_PROBE_PROXY_VOLUME UNITY_LIGHTMAP_FULL_HDR ok=1
Cmd: preprocess
  insize=3028 outsize=278 ok=1
Cmd: compileSnippet
  error: 1 plat 4 at (81): 'TransformObjectToWorld': implicit truncation of vector type\nCompiling Vertex program
Platform defines: UNITY_ENABLE_REFLECTION_BUFFERS UNITY_USE_DITHER_MASK_FOR_ALPHABLENDED_SHADOWS UNITY_PBS_USE_BRDF1 UNITY_SPECCUBE_BOX_PROJECTION UNITY_SPECCUBE_BLENDING UNITY_ENABLE_DETAIL_NORMALMAP SHADER_API_DESKTOP UNITY_COLORSPACE_GAMMA UNITY_LIGHT_PROBE_PROXY_VOLUME UNITY_LIGHTMAP_FULL_HDR
  api=4 type=0 insize=3081 outsize=530 kw= pd=UNITY_ENABLE_REFLECTION_BUFFERS UNITY_USE_DITHER_MASK_FOR_ALPHABLENDED_SHADOWS UNITY_PBS_USE_BRDF1 UNITY_SPECCUBE_BOX_PROJECTION UNITY_SPECCUBE_BLENDING UNITY_ENABLE_DETAIL_NORMALMAP SHADER_API_DESKTOP UNITY_COLORSPACE_GAMMA UNITY_LIGHT_PROBE_PROXY_VOLUME UNITY_LIGHTMAP_FULL_HDR ok=1
Cmd: preprocess
  insize=3060 outsize=278 ok=1
Cmd: compileSnippet
  error: 1 plat 4 at (81): 'TransformObjectToWorld': implicit truncation of vector type\nCompiling Vertex program
Platform defines: UNITY_ENABLE_REFLECTION_BUFFERS UNITY_USE_DITHER_MASK_FOR_ALPHABLENDED_SHADOWS UNITY_PBS_USE_BRDF1 UNITY_SPECCUBE_BOX_PROJECTION UNITY_SPECCUBE_BLENDING UNITY_ENABLE_DETAIL_NORMALMAP SHADER_API_DESKTOP UNITY_COLORSPACE_GAMMA UNITY_LIGHT_PROBE_PROXY_VOLUME UNITY_LIGHTMAP_FULL_HDR
  api=4 type=0 insize=3113 outsize=530 kw= pd=UNITY_ENABLE_REFLECTION_BUFFERS UNITY_USE_DITHER_MASK_FOR_ALPHABLENDED_SHADOWS UNITY_PBS_USE_BRDF1 UNITY_SPECCUBE_BOX_PROJECTION UNITY_SPECCUBE_BLENDING UNITY_ENABLE_DETAIL_NORMALMAP SHADER_API_DESKTOP UNITY_COLORSPACE_GAMMA UNITY_LIGHT_PROBE_PROXY_VOLUME UNITY_LIGHTMAP_FULL_HDR ok=1
Cmd: preprocess
  insize=3060 outsize=278 ok=1
Cmd: preprocess
  insize=811 outsize=209 ok=1
Cmd: preprocess
  insize=3704 outsize=279 ok=1
Cmd: preprocess
  insize=4012 outsize=280 ok=1
Cmd: preprocess
  insize=3974 outsize=279 ok=1
Cmd: preprocess
  insize=3928 outsize=280 ok=1
Cmd: compileSnippet
  error: 1 plat 4 at (124): implicit truncation of vector type\nCompiling Vertex program with _ADDITIONAL_LIGHTS
Platform defines: UNITY_ENABLE_REFLECTION_BUFFERS UNITY_USE_DITHER_MASK_FOR_ALPHABLENDED_SHADOWS UNITY_PBS_USE_BRDF1 UNITY_SPECCUBE_BOX_PROJECTION UNITY_SPECCUBE_BLENDING UNITY_ENABLE_DETAIL_NORMALMAP SHADER_API_DESKTOP UNITY_COLORSPACE_GAMMA UNITY_LIGHT_PROBE_PROXY_VOLUME UNITY_LIGHTMAP_FULL_HDR
  error: 1 plat 4 at (126): implicit truncation of vector type\nCompiling Vertex program with _ADDITIONAL_LIGHTS
Platform defines: UNITY_ENABLE_REFLECTION_BUFFERS UNITY_USE_DITHER_MASK_FOR_ALPHABLENDED_SHADOWS UNITY_PBS_USE_BRDF1 UNITY_SPECCUBE_BOX_PROJECTION UNITY_SPECCUBE_BLENDING UNITY_ENABLE_DETAIL_NORMALMAP SHADER_API_DESKTOP UNITY_COLORSPACE_GAMMA UNITY_LIGHT_PROBE_PROXY_VOLUME UNITY_LIGHTMAP_FULL_HDR
  api=4 type=0 insize=12663 outsize=1974 kw=_ADDITIONAL_LIGHTS pd=UNITY_ENABLE_REFLECTION_BUFFERS UNITY_USE_DITHER_MASK_FOR_ALPHABLENDED_SHADOWS UNITY_PBS_USE_BRDF1 UNITY_SPECCUBE_BOX_PROJECTION UNITY_SPECCUBE_BLENDING UNITY_ENABLE_DETAIL_NORMALMAP SHADER_API_DESKTOP UNITY_COLORSPACE_GAMMA UNITY_LIGHT_PROBE_PROXY_VOLUME UNITY_LIGHTMAP_FULL_HDR ok=1
Cmd: compileSnippet
  error: 1 plat 4 at (124): implicit truncation of vector type\nCompiling Fragment program with _ADDITIONAL_LIGHTS
Platform defines: UNITY_ENABLE_REFLECTION_BUFFERS UNITY_USE_DITHER_MASK_FOR_ALPHABLENDED_SHADOWS UNITY_PBS_USE_BRDF1 UNITY_SPECCUBE_BOX_PROJECTION UNITY_SPECCUBE_BLENDING UNITY_ENABLE_DETAIL_NORMALMAP SHADER_API_DESKTOP UNITY_COLORSPACE_GAMMA UNITY_LIGHT_PROBE_PROXY_VOLUME UNITY_LIGHTMAP_FULL_HDR
  error: 1 plat 4 at (126): implicit truncation of vector type\nCompiling Fragment program with _ADDITIONAL_LIGHTS
Platform defines: UNITY_ENABLE_REFLECTION_BUFFERS UNITY_USE_DITHER_MASK_FOR_ALPHABLENDED_SHADOWS UNITY_PBS_USE_BRDF1 UNITY_SPECCUBE_BOX_PROJECTION UNITY_SPECCUBE_BLENDING UNITY_ENABLE_DETAIL_NORMALMAP SHADER_API_DESKTOP UNITY_COLORSPACE_GAMMA UNITY_LIGHT_PROBE_PROXY_VOLUME UNITY_LIGHTMAP_FULL_HDR
  api=4 type=1 insize=12663 outsize=4142 kw=_ADDITIONAL_LIGHTS pd=UNITY_ENABLE_REFLECTION_BUFFERS UNITY_USE_DITHER_MASK_FOR_ALPHABLENDED_SHADOWS UNITY_PBS_USE_BRDF1 UNITY_SPECCUBE_BOX_PROJECTION UNITY_SPECCUBE_BLENDING UNITY_ENABLE_DETAIL_NORMALMAP SHADER_API_DESKTOP UNITY_COLORSPACE_GAMMA UNITY_LIGHT_PROBE_PROXY_VOLUME UNITY_LIGHTMAP_FULL_HDR ok=1
Cmd: preprocess
  insize=811 outsize=209 ok=1
Cmd: preprocess
  insize=811 outsize=209 ok=1
Cmd: preprocess
  insize=3626 outsize=347 ok=1
Cmd: preprocess
  insize=811 outsize=209 ok=1
Cmd: preprocess
  insize=3903 outsize=339 ok=1
Cmd: preprocess
  insize=3709 outsize=402 ok=1
Cmd: preprocess
  insize=3986 outsize=395 ok=1
Cmd: compileSnippet
  error: 1 plat 4 at (96): 'TransformObjectToWorld': implicit truncation of vector type\nCompiling Vertex program
Platform defines: UNITY_ENABLE_REFLECTION_BUFFERS UNITY_USE_DITHER_MASK_FOR_ALPHABLENDED_SHADOWS UNITY_PBS_USE_BRDF1 UNITY_SPECCUBE_BOX_PROJECTION UNITY_SPECCUBE_BLENDING UNITY_ENABLE_DETAIL_NORMALMAP SHADER_API_DESKTOP UNITY_COLORSPACE_GAMMA UNITY_LIGHT_PROBE_PROXY_VOLUME UNITY_LIGHTMAP_FULL_HDR
  api=4 type=0 insize=3925 outsize=642 kw= pd=UNITY_ENABLE_REFLECTION_BUFFERS UNITY_USE_DITHER_MASK_FOR_ALPHABLENDED_SHADOWS UNITY_PBS_USE_BRDF1 UNITY_SPECCUBE_BOX_PROJECTION UNITY_SPECCUBE_BLENDING UNITY_ENABLE_DETAIL_NORMALMAP SHADER_API_DESKTOP UNITY_COLORSPACE_GAMMA UNITY_LIGHT_PROBE_PROXY_VOLUME UNITY_LIGHTMAP_FULL_HDR ok=1
Cmd: preprocess
  insize=3708 outsize=401 ok=1
Cmd: preprocess
  insize=3985 outsize=394 ok=1
Cmd: preprocess
  insize=3707 outsize=400 ok=1
Cmd: preprocess
  insize=3984 outsize=393 ok=1
Cmd: preprocess
  insize=3689 outsize=391 ok=1
Cmd: preprocess
  insize=3966 outsize=384 ok=1
Cmd: preprocess
  insize=811 outsize=209 ok=1
Cmd: preprocess
  insize=3982 outsize=383 ok=1
Cmd: preprocess
  insize=54636 outsize=2649 ok=1
Cmd: compileSnippet
  error: 1 plat 4 at (146): implicit truncation of vector type\nCompiling Vertex program with _ADDITIONAL_LIGHTS
Platform defines: UNITY_ENABLE_REFLECTION_BUFFERS UNITY_USE_DITHER_MASK_FOR_ALPHABLENDED_SHADOWS UNITY_PBS_USE_BRDF1 UNITY_SPECCUBE_BOX_PROJECTION UNITY_SPECCUBE_BLENDING UNITY_ENABLE_DETAIL_NORMALMAP SHADER_API_DESKTOP UNITY_COLORSPACE_GAMMA UNITY_LIGHT_PROBE_PROXY_VOLUME UNITY_LIGHTMAP_FULL_HDR
  api=4 type=0 insize=14104 outsize=2066 kw=_ADDITIONAL_LIGHTS pd=UNITY_ENABLE_REFLECTION_BUFFERS UNITY_USE_DITHER_MASK_FOR_ALPHABLENDED_SHADOWS UNITY_PBS_USE_BRDF1 UNITY_SPECCUBE_BOX_PROJECTION UNITY_SPECCUBE_BLENDING UNITY_ENABLE_DETAIL_NORMALMAP SHADER_API_DESKTOP UNITY_COLORSPACE_GAMMA UNITY_LIGHT_PROBE_PROXY_VOLUME UNITY_LIGHTMAP_FULL_HDR ok=1
Cmd: compileSnippet
  error: 1 plat 4 at (146): implicit truncation of vector type\nCompiling Fragment program with _ADDITIONAL_LIGHTS
Platform defines: UNITY_ENABLE_REFLECTION_BUFFERS UNITY_USE_DITHER_MASK_FOR_ALPHABLENDED_SHADOWS UNITY_PBS_USE_BRDF1 UNITY_SPECCUBE_BOX_PROJECTION UNITY_SPECCUBE_BLENDING UNITY_ENABLE_DETAIL_NORMALMAP SHADER_API_DESKTOP UNITY_COLORSPACE_GAMMA UNITY_LIGHT_PROBE_PROXY_VOLUME UNITY_LIGHTMAP_FULL_HDR
  api=4 type=1 insize=14104 outsize=4278 kw=_ADDITIONAL_LIGHTS pd=UNITY_ENABLE_REFLECTION_BUFFERS UNITY_USE_DITHER_MASK_FOR_ALPHABLENDED_SHADOWS UNITY_PBS_USE_BRDF1 UNITY_SPECCUBE_BOX_PROJECTION UNITY_SPECCUBE_BLENDING UNITY_ENABLE_DETAIL_NORMALMAP SHADER_API_DESKTOP UNITY_COLORSPACE_GAMMA UNITY_LIGHT_PROBE_PROXY_VOLUME UNITY_LIGHTMAP_FULL_HDR ok=1
Cmd: preprocess
  insize=51456 outsize=2668 ok=1
Cmd: preprocess
  insize=25529 outsize=1627 ok=1
Cmd: compileSnippet
  api=4 type=0 insize=8224 outsize=1026 kw=UNITY_PASS_SHADOWCASTER pd=UNITY_ENABLE_REFLECTION_BUFFERS UNITY_USE_DITHER_MASK_FOR_ALPHABLENDED_SHADOWS UNITY_PBS_USE_BRDF1 UNITY_SPECCUBE_BOX_PROJECTION UNITY_SPECCUBE_BLENDING UNITY_ENABLE_DETAIL_NORMALMAP SHADER_API_DESKTOP UNITY_COLORSPACE_GAMMA UNITY_LIGHT_PROBE_PROXY_VOLUME UNITY_LIGHTMAP_FULL_HDR ok=1
Cmd: compileSnippet
  api=4 type=1 insize=8224 outsize=218 kw=UNITY_PASS_SHADOWCASTER pd=UNITY_ENABLE_REFLECTION_BUFFERS UNITY_USE_DITHER_MASK_FOR_ALPHABLENDED_SHADOWS UNITY_PBS_USE_BRDF1 UNITY_SPECCUBE_BOX_PROJECTION UNITY_SPECCUBE_BLENDING UNITY_ENABLE_DETAIL_NORMALMAP SHADER_API_DESKTOP UNITY_COLORSPACE_GAMMA UNITY_LIGHT_PROBE_PROXY_VOLUME UNITY_LIGHTMAP_FULL_HDR ok=1
Cmd: compileSnippet
  api=4 type=0 insize=8506 outsize=590 kw= pd=UNITY_ENABLE_REFLECTION_BUFFERS UNITY_USE_DITHER_MASK_FOR_ALPHABLENDED_SHADOWS UNITY_PBS_USE_BRDF1 UNITY_SPECCUBE_BOX_PROJECTION UNITY_SPECCUBE_BLENDING UNITY_ENABLE_DETAIL_NORMALMAP SHADER_API_DESKTOP UNITY_COLORSPACE_GAMMA UNITY_LIGHT_PROBE_PROXY_VOLUME UNITY_LIGHTMAP_FULL_HDR ok=1
Cmd: compileSnippet
  api=4 type=1 insize=8506 outsize=218 kw= pd=UNITY_ENABLE_REFLECTION_BUFFERS UNITY_USE_DITHER_MASK_FOR_ALPHABLENDED_SHADOWS UNITY_PBS_USE_BRDF1 UNITY_SPECCUBE_BOX_PROJECTION UNITY_SPECCUBE_BLENDING UNITY_ENABLE_DETAIL_NORMALMAP SHADER_API_DESKTOP UNITY_COLORSPACE_GAMMA UNITY_LIGHT_PROBE_PROXY_VOLUME UNITY_LIGHTMAP_FULL_HDR ok=1
Cmd: preprocess
  insize=811 outsize=209 ok=1
Cmd: preprocess
  insize=26652 outsize=1597 ok=1
Cmd: compileSnippet
  api=4 type=0 insize=8636 outsize=1026 kw=UNITY_PASS_SHADOWCASTER pd=UNITY_ENABLE_REFLECTION_BUFFERS UNITY_USE_DITHER_MASK_FOR_ALPHABLENDED_SHADOWS UNITY_PBS_USE_BRDF1 UNITY_SPECCUBE_BOX_PROJECTION UNITY_SPECCUBE_BLENDING UNITY_ENABLE_DETAIL_NORMALMAP SHADER_API_DESKTOP UNITY_COLORSPACE_GAMMA UNITY_LIGHT_PROBE_PROXY_VOLUME UNITY_LIGHTMAP_FULL_HDR ok=1
Cmd: compileSnippet
  api=4 type=0 insize=8466 outsize=1026 kw=UNITY_PASS_SHADOWCASTER pd=UNITY_ENABLE_REFLECTION_BUFFERS UNITY_USE_DITHER_MASK_FOR_ALPHABLENDED_SHADOWS UNITY_PBS_USE_BRDF1 UNITY_SPECCUBE_BOX_PROJECTION UNITY_SPECCUBE_BLENDING UNITY_ENABLE_DETAIL_NORMALMAP SHADER_API_DESKTOP UNITY_COLORSPACE_GAMMA UNITY_LIGHT_PROBE_PROXY_VOLUME UNITY_LIGHTMAP_FULL_HDR ok=1
Cmd: compileSnippet
  api=4 type=1 insize=8466 outsize=218 kw=UNITY_PASS_SHADOWCASTER pd=UNITY_ENABLE_REFLECTION_BUFFERS UNITY_USE_DITHER_MASK_FOR_ALPHABLENDED_SHADOWS UNITY_PBS_USE_BRDF1 UNITY_SPECCUBE_BOX_PROJECTION UNITY_SPECCUBE_BLENDING UNITY_ENABLE_DETAIL_NORMALMAP SHADER_API_DESKTOP UNITY_COLORSPACE_GAMMA UNITY_LIGHT_PROBE_PROXY_VOLUME UNITY_LIGHTMAP_FULL_HDR ok=1
Cmd: compileSnippet
  api=4 type=0 insize=13393 outsize=3802 kw=_MAIN_LIGHT_SHADOWS _MAIN_LIGHT_SHADOWS_CASCADE _SHADOWS_SOFT _ADDITIONAL_LIGHTS_VERTEX pd=UNITY_ENABLE_REFLECTION_BUFFERS UNITY_USE_DITHER_MASK_FOR_ALPHABLENDED_SHADOWS UNITY_PBS_USE_BRDF1 UNITY_SPECCUBE_BOX_PROJECTION UNITY_SPECCUBE_BLENDING UNITY_ENABLE_DETAIL_NORMALMAP SHADER_API_DESKTOP UNITY_COLORSPACE_GAMMA UNITY_LIGHT_PROBE_PROXY_VOLUME UNITY_LIGHTMAP_FULL_HDR ok=1
Cmd: compileSnippet
  api=4 type=1 insize=13393 outsize=5358 kw=_MAIN_LIGHT_SHADOWS _MAIN_LIGHT_SHADOWS_CASCADE _SHADOWS_SOFT _ADDITIONAL_LIGHTS_VERTEX pd=UNITY_ENABLE_REFLECTION_BUFFERS UNITY_USE_DITHER_MASK_FOR_ALPHABLENDED_SHADOWS UNITY_PBS_USE_BRDF1 UNITY_SPECCUBE_BOX_PROJECTION UNITY_SPECCUBE_BLENDING UNITY_ENABLE_DETAIL_NORMALMAP SHADER_API_DESKTOP UNITY_COLORSPACE_GAMMA UNITY_LIGHT_PROBE_PROXY_VOLUME UNITY_LIGHTMAP_FULL_HDR ok=1
Cmd: preprocess
  insize=811 outsize=209 ok=1
Cmd: preprocess
  insize=811 outsize=209 ok=1
Cmd: preprocess
  insize=811 outsize=209 ok=1
Cmd: preprocess
  insize=811 outsize=209 ok=1
Cmd: preprocess
  insize=3785 outsize=396 ok=1
Cmd: preprocess
  insize=4044 outsize=389 ok=1
Cmd: preprocess
  insize=811 outsize=209 ok=1
Cmd: preprocess
  insize=3687 outsize=358 ok=1
Cmd: preprocess
  insize=3946 outsize=351 ok=1
Cmd: preprocess
  insize=3685 outsize=356 ok=1
Cmd: preprocess
  insize=3944 outsize=349 ok=1
Cmd: preprocess
  insize=3625 outsize=346 ok=1
Cmd: preprocess
  insize=3884 outsize=339 ok=1
Cmd: preprocess
  insize=811 outsize=209 ok=1
Cmd: preprocess
  insize=4010 outsize=394 ok=1
Cmd: preprocess
  insize=3707 outsize=400 ok=1
Cmd: preprocess
  insize=4009 outsize=393 ok=1
Cmd: preprocess
  insize=3689 outsize=391 ok=1
Cmd: preprocess
  insize=3982 outsize=384 ok=1
Cmd: preprocess
  insize=28323 outsize=1702 ok=1
Cmd: preprocess
  insize=27218 outsize=1733 ok=1
Cmd: preprocess
  insize=811 outsize=209 ok=1
Cmd: preprocess
  insize=811 outsize=209 ok=1
Cmd: preprocess
  insize=811 outsize=209 ok=1
Cmd: preprocess
  insize=811 outsize=209 ok=1
Cmd: preprocess
  insize=811 outsize=209 ok=1
Cmd: preprocess
  insize=811 outsize=209 ok=1
Cmd: preprocess
  insize=811 outsize=209 ok=1
Cmd: preprocess
  insize=811 outsize=209 ok=1
Cmd: preprocess
  insize=811 outsize=209 ok=1
Cmd: preprocess
  insize=811 outsize=209 ok=1
Cmd: preprocess
  insize=811 outsize=209 ok=1
Cmd: preprocess
  insize=3164 outsize=384 ok=1
Cmd: preprocess
  insize=3468 outsize=386 ok=1
Cmd: preprocess
  insize=3799 outsize=382 ok=1
Cmd: preprocess
  insize=4026 outsize=384 ok=1
Cmd: preprocess
  insize=4299 outsize=384 ok=1
Cmd: preprocess
  insize=4503 outsize=382 ok=1
Cmd: preprocess
  insize=4638 outsize=383 ok=1
Cmd: preprocess
  insize=4926 outsize=384 ok=1
Cmd: preprocess
  insize=811 outsize=209 ok=1
Cmd: preprocess
  insize=5054 outsize=385 ok=1
Cmd: preprocess
  insize=5254 outsize=385 ok=1
Cmd: preprocess
  insize=5556 outsize=387 ok=1
Cmd: preprocess
  insize=5887 outsize=382 ok=1
Cmd: preprocess
  insize=6114 outsize=385 ok=1
Cmd: preprocess
  insize=6387 outsize=385 ok=1
Cmd: preprocess
  insize=6591 outsize=382 ok=1
Cmd: preprocess
  insize=6726 outsize=383 ok=1
Cmd: preprocess
  insize=7014 outsize=385 ok=1
Cmd: preprocess
  insize=5054 outsize=384 ok=1
Cmd: preprocess
  insize=28323 outsize=1702 ok=1
Cmd: preprocess
  insize=3689 outsize=391 ok=1
Cmd: preprocess
  insize=5254 outsize=385 ok=1
Cmd: preprocess
  insize=3982 outsize=384 ok=1
Cmd: preprocess
  insize=5556 outsize=387 ok=1
Cmd: preprocess
  insize=5887 outsize=382 ok=1
Cmd: preprocess
  insize=6114 outsize=385 ok=1
Cmd: preprocess
  insize=6387 outsize=385 ok=1
Cmd: preprocess
  insize=6591 outsize=382 ok=1
Cmd: preprocess
  insize=6726 outsize=383 ok=1
Cmd: preprocess
  insize=7014 outsize=385 ok=1
Cmd: preprocess
  insize=811 outsize=209 ok=1
Cmd: preprocess
  insize=3273 outsize=388 ok=1
Cmd: preprocess
  insize=3369 outsize=388 ok=1
Cmd: preprocess
  insize=5997 outsize=387 ok=1
Cmd: preprocess
  insize=6328 outsize=382 ok=1
Cmd: preprocess
  insize=6555 outsize=385 ok=1
Cmd: preprocess
  insize=6828 outsize=385 ok=1
Cmd: preprocess
  insize=7032 outsize=381 ok=1
Cmd: preprocess
  insize=7167 outsize=383 ok=1
Cmd: preprocess
  insize=7455 outsize=385 ok=1
Cmd: preprocess
  insize=3273 outsize=388 ok=1
Cmd: preprocess
  insize=5901 outsize=387 ok=1
Cmd: preprocess
  insize=6232 outsize=383 ok=1
Cmd: preprocess
  insize=6459 outsize=385 ok=1
Cmd: preprocess
  insize=6732 outsize=385 ok=1
Cmd: preprocess
  insize=6936 outsize=382 ok=1
Cmd: preprocess
  insize=7071 outsize=383 ok=1
Cmd: preprocess
  insize=7359 outsize=385 ok=1
Cmd: preprocess
  insize=811 outsize=209 ok=1
Cmd: preprocess
  insize=811 outsize=209 ok=1
Cmd: preprocess
  insize=811 outsize=209 ok=1
Cmd: preprocess
  insize=811 outsize=209 ok=1
Cmd: preprocess
  insize=811 outsize=209 ok=1
Cmd: preprocess
  insize=811 outsize=209 ok=1
Cmd: preprocess
  insize=811 outsize=209 ok=1
Cmd: preprocess
  insize=811 outsize=209 ok=1
Cmd: preprocess
  insize=811 outsize=209 ok=1
Cmd: preprocess
  insize=811 outsize=209 ok=1
Cmd: preprocess
  insize=811 outsize=209 ok=1
Cmd: preprocess
  insize=3257 outsize=385 ok=1
Cmd: preprocess
  insize=4651 outsize=386 ok=1
Cmd: preprocess
  insize=3346 outsize=385 ok=1
Cmd: preprocess
  insize=3464 outsize=382 ok=1
Cmd: preprocess
  insize=5206 outsize=381 ok=1
Cmd: preprocess
  insize=3211 outsize=384 ok=1
Cmd: preprocess
  insize=5498 outsize=385 ok=1
Cmd: preprocess
  insize=3698 outsize=385 ok=1
Cmd: preprocess
  insize=3579 outsize=385 ok=1
Cmd: preprocess
  insize=5349 outsize=385 ok=1
Cmd: preprocess
  insize=5561 outsize=383 ok=1
Cmd: preprocess
  insize=5800 outsize=385 ok=1
Cmd: preprocess
  insize=6650 outsize=387 ok=1
Cmd: preprocess
  insize=7205 outsize=381 ok=1
Cmd: preprocess
  insize=7497 outsize=385 ok=1
Cmd: preprocess
  insize=5686 outsize=385 ok=1
Cmd: preprocess
  insize=5898 outsize=383 ok=1
Cmd: preprocess
  insize=6137 outsize=386 ok=1
Cmd: preprocess
  insize=6987 outsize=387 ok=1
Cmd: preprocess
  insize=7542 outsize=381 ok=1
Cmd: preprocess
  insize=7834 outsize=385 ok=1
Cmd: preprocess
  insize=811 outsize=209 ok=1
Cmd: preprocess
  insize=811 outsize=209 ok=1
Cmd: preprocess
  insize=811 outsize=209 ok=1
Cmd: preprocess
  insize=811 outsize=209 ok=1
Cmd: preprocess
  insize=811 outsize=209 ok=1
Cmd: preprocess
  insize=811 outsize=209 ok=1
Cmd: preprocess
  insize=811 outsize=209 ok=1
Cmd: preprocess
  insize=811 outsize=209 ok=1
Cmd: preprocess
  insize=811 outsize=209 ok=1
Cmd: preprocess
  insize=811 outsize=209 ok=1
Cmd: preprocess
  insize=811 outsize=209 ok=1
Cmd: preprocess
  insize=811 outsize=209 ok=1
Cmd: preprocess
  insize=811 outsize=209 ok=1
Cmd: preprocess
  insize=3645 outsize=386 ok=1
Cmd: preprocess
  insize=3347 outsize=386 ok=1
Cmd: preprocess
  insize=4087 outsize=384 ok=1
Cmd: preprocess
  insize=3868 outsize=383 ok=1
Cmd: preprocess
  insize=4309 outsize=388 ok=1
Cmd: preprocess
  insize=4589 outsize=384 ok=1
Cmd: preprocess
  insize=3237 outsize=386 ok=1
Cmd: preprocess
  insize=3211 outsize=384 ok=1
Cmd: preprocess
  insize=5146 outsize=379 ok=1
Cmd: preprocess
  insize=5438 outsize=385 ok=1
Cmd: preprocess
  insize=3990 outsize=385 ok=1
Cmd: preprocess
  insize=4213 outsize=384 ok=1
Cmd: preprocess
  insize=4432 outsize=384 ok=1
Cmd: preprocess
  insize=811 outsize=209 ok=1
Cmd: preprocess
  insize=7611 outsize=380 ok=1
Cmd: preprocess
  insize=9701 outsize=380 ok=1
Cmd: preprocess
  insize=811 outsize=209 ok=1
Cmd: preprocess
  insize=9891 outsize=385 ok=1
Cmd: preprocess
  insize=9971 outsize=385 ok=1
Cmd: preprocess
  insize=811 outsize=209 ok=1
Cmd: preprocess
  insize=5690 outsize=380 ok=1
Cmd: preprocess
  insize=11502 outsize=380 ok=1
Cmd: preprocess
  insize=5690 outsize=380 ok=1
Cmd: preprocess
  insize=27100 outsize=1702 ok=1
Cmd: preprocess
  insize=811 outsize=209 ok=1
Cmd: preprocess
  insize=4234 outsize=379 ok=1
Cmd: preprocess
  insize=9054 outsize=380 ok=1
Cmd: preprocess
  insize=811 outsize=209 ok=1
Cmd: preprocess
  insize=9260 outsize=401 ok=1
Cmd: preprocess
  insize=9340 outsize=401 ok=1
Cmd: preprocess
  insize=811 outsize=209 ok=1
Cmd: preprocess
  insize=9525 outsize=401 ok=1
Cmd: preprocess
  insize=11136 outsize=400 ok=1
Cmd: preprocess
  insize=811 outsize=209 ok=1
Cmd: preprocess
  insize=11388 outsize=396 ok=1
Cmd: preprocess
  insize=12667 outsize=396 ok=1
Cmd: preprocess
  insize=38618 outsize=1718 ok=1
Cmd: preprocess
  insize=811 outsize=209 ok=1
Cmd: preprocess
  insize=7734 outsize=398 ok=1
Cmd: preprocess
  insize=811 outsize=209 ok=1
Cmd: preprocess
  insize=7439 outsize=398 ok=1
Cmd: preprocess
  insize=7728 outsize=401 ok=1
Cmd: preprocess
  insize=11489 outsize=401 ok=1
Cmd: preprocess
  insize=13020 outsize=396 ok=1
Cmd: preprocess
  insize=39047 outsize=1719 ok=1
Cmd: compileSnippet
  api=4 type=0 insize=8699 outsize=1026 kw=UNITY_PASS_SHADOWCASTER pd=UNITY_ENABLE_REFLECTION_BUFFERS UNITY_USE_DITHER_MASK_FOR_ALPHABLENDED_SHADOWS UNITY_PBS_USE_BRDF1 UNITY_SPECCUBE_BOX_PROJECTION UNITY_SPECCUBE_BLENDING UNITY_ENABLE_DETAIL_NORMALMAP SHADER_API_DESKTOP UNITY_COLORSPACE_GAMMA UNITY_LIGHT_PROBE_PROXY_VOLUME UNITY_LIGHTMAP_FULL_HDR ok=1
Cmd: preprocess
  insize=37712 outsize=1748 ok=1
Cmd: preprocess
  insize=811 outsize=209 ok=1
Cmd: preprocess
  insize=3269 outsize=450 ok=1
Cmd: preprocess
  insize=5204 outsize=446 ok=1
Cmd: preprocess
  insize=5496 outsize=451 ok=1
Cmd: preprocess
  insize=13062 outsize=446 ok=1
Cmd: preprocess
  insize=39163 outsize=1768 ok=1
Cmd: compileSnippet
  api=4 type=0 insize=8736 outsize=1026 kw=UNITY_PASS_SHADOWCASTER pd=UNITY_ENABLE_REFLECTION_BUFFERS UNITY_USE_DITHER_MASK_FOR_ALPHABLENDED_SHADOWS UNITY_PBS_USE_BRDF1 UNITY_SPECCUBE_BOX_PROJECTION UNITY_SPECCUBE_BLENDING UNITY_ENABLE_DETAIL_NORMALMAP SHADER_API_DESKTOP UNITY_COLORSPACE_GAMMA UNITY_LIGHT_PROBE_PROXY_VOLUME UNITY_LIGHTMAP_FULL_HDR ok=1
Cmd: preprocess
  insize=3269 outsize=450 ok=1
Cmd: preprocess
  insize=5204 outsize=446 ok=1
Cmd: preprocess
  insize=5496 outsize=451 ok=1
Cmd: preprocess
  insize=13062 outsize=446 ok=1
Cmd: preprocess
  insize=39163 outsize=1768 ok=1
Cmd: preprocess
  insize=3784 outsize=457 ok=1
Cmd: preprocess
  insize=4077 outsize=450 ok=1
Cmd: preprocess
  insize=9149 outsize=446 ok=1
Cmd: preprocess
  insize=9419 outsize=451 ok=1
Cmd: preprocess
  insize=11568 outsize=450 ok=1
Cmd: compileSnippet
  error: 1 plat 4 at (193): 'TransformObjectToWorld': implicit truncation of vector type\nCompiling Vertex program
Platform defines: UNITY_ENABLE_REFLECTION_BUFFERS UNITY_USE_DITHER_MASK_FOR_ALPHABLENDED_SHADOWS UNITY_PBS_USE_BRDF1 UNITY_SPECCUBE_BOX_PROJECTION UNITY_SPECCUBE_BLENDING UNITY_ENABLE_DETAIL_NORMALMAP SHADER_API_DESKTOP UNITY_COLORSPACE_GAMMA UNITY_LIGHT_PROBE_PROXY_VOLUME UNITY_LIGHTMAP_FULL_HDR
  api=4 type=0 insize=9040 outsize=1058 kw= pd=UNITY_ENABLE_REFLECTION_BUFFERS UNITY_USE_DITHER_MASK_FOR_ALPHABLENDED_SHADOWS UNITY_PBS_USE_BRDF1 UNITY_SPECCUBE_BOX_PROJECTION UNITY_SPECCUBE_BLENDING UNITY_ENABLE_DETAIL_NORMALMAP SHADER_API_DESKTOP UNITY_COLORSPACE_GAMMA UNITY_LIGHT_PROBE_PROXY_VOLUME UNITY_LIGHTMAP_FULL_HDR ok=1
Cmd: preprocess
  insize=3245 outsize=442 ok=1
Cmd: preprocess
  insize=5180 outsize=438 ok=1
Cmd: preprocess
  insize=5472 outsize=443 ok=1
Cmd: preprocess
  insize=13038 outsize=438 ok=1
Cmd: preprocess
  insize=39123 outsize=1760 ok=1
Cmd: preprocess
  insize=3768 outsize=449 ok=1
Cmd: preprocess
  insize=4061 outsize=442 ok=1
Cmd: preprocess
  insize=9133 outsize=438 ok=1
Cmd: preprocess
  insize=9403 outsize=443 ok=1
Cmd: preprocess
  insize=11552 outsize=443 ok=1
Cmd: compileSnippet
  api=4 type=0 insize=8728 outsize=1026 kw=UNITY_PASS_SHADOWCASTER pd=UNITY_ENABLE_REFLECTION_BUFFERS UNITY_USE_DITHER_MASK_FOR_ALPHABLENDED_SHADOWS UNITY_PBS_USE_BRDF1 UNITY_SPECCUBE_BOX_PROJECTION UNITY_SPECCUBE_BLENDING UNITY_ENABLE_DETAIL_NORMALMAP SHADER_API_DESKTOP UNITY_COLORSPACE_GAMMA UNITY_LIGHT_PROBE_PROXY_VOLUME UNITY_LIGHTMAP_FULL_HDR ok=1
Cmd: preprocess
  insize=811 outsize=209 ok=1
Cmd: preprocess
  insize=5605 outsize=507 ok=1
Cmd: preprocess
  insize=13171 outsize=501 ok=1
Cmd: preprocess
  insize=39336 outsize=1825 ok=1
Cmd: compileSnippet
  api=4 type=0 insize=8764 outsize=1026 kw=UNITY_PASS_SHADOWCASTER pd=UNITY_ENABLE_REFLECTION_BUFFERS UNITY_USE_DITHER_MASK_FOR_ALPHABLENDED_SHADOWS UNITY_PBS_USE_BRDF1 UNITY_SPECCUBE_BOX_PROJECTION UNITY_SPECCUBE_BLENDING UNITY_ENABLE_DETAIL_NORMALMAP SHADER_API_DESKTOP UNITY_COLORSPACE_GAMMA UNITY_LIGHT_PROBE_PROXY_VOLUME UNITY_LIGHTMAP_FULL_HDR ok=1
Cmd: preprocess
  insize=5612 outsize=514 ok=1
Cmd: preprocess
  insize=13178 outsize=508 ok=1
Cmd: preprocess
  insize=39343 outsize=1832 ok=1
Cmd: preprocess
  insize=3344 outsize=513 ok=1
Cmd: preprocess
  insize=5279 outsize=509 ok=1
Cmd: preprocess
  insize=3867 outsize=520 ok=1
Cmd: preprocess
  insize=4160 outsize=513 ok=1
Cmd: preprocess
  insize=9232 outsize=509 ok=1
Cmd: preprocess
  insize=9502 outsize=514 ok=1
Cmd: preprocess
  insize=11651 outsize=514 ok=1
Cmd: compileSnippet
  error: 1 plat 4 at (195): 'TransformObjectToWorld': implicit truncation of vector type\nCompiling Vertex program
Platform defines: UNITY_ENABLE_REFLECTION_BUFFERS UNITY_USE_DITHER_MASK_FOR_ALPHABLENDED_SHADOWS UNITY_PBS_USE_BRDF1 UNITY_SPECCUBE_BOX_PROJECTION UNITY_SPECCUBE_BLENDING UNITY_ENABLE_DETAIL_NORMALMAP SHADER_API_DESKTOP UNITY_COLORSPACE_GAMMA UNITY_LIGHT_PROBE_PROXY_VOLUME UNITY_LIGHTMAP_FULL_HDR
  api=4 type=0 insize=9060 outsize=1058 kw= pd=UNITY_ENABLE_REFLECTION_BUFFERS UNITY_USE_DITHER_MASK_FOR_ALPHABLENDED_SHADOWS UNITY_PBS_USE_BRDF1 UNITY_SPECCUBE_BOX_PROJECTION UNITY_SPECCUBE_BLENDING UNITY_ENABLE_DETAIL_NORMALMAP SHADER_API_DESKTOP UNITY_COLORSPACE_GAMMA UNITY_LIGHT_PROBE_PROXY_VOLUME UNITY_LIGHTMAP_FULL_HDR ok=1
Cmd: preprocess
  insize=5609 outsize=513 ok=1
Cmd: preprocess
  insize=13175 outsize=508 ok=1
Cmd: preprocess
  insize=39338 outsize=1830 ok=1
Cmd: preprocess
  insize=3342 outsize=512 ok=1
Cmd: preprocess
  insize=5277 outsize=508 ok=1
Cmd: preprocess
  insize=3865 outsize=519 ok=1
Cmd: preprocess
  insize=4158 outsize=512 ok=1
Cmd: preprocess
  insize=9230 outsize=507 ok=1
Cmd: preprocess
  insize=9500 outsize=513 ok=1
Cmd: preprocess
  insize=11649 outsize=513 ok=1
Cmd: compileSnippet
  api=4 type=0 insize=8763 outsize=1026 kw=UNITY_PASS_SHADOWCASTER pd=UNITY_ENABLE_REFLECTION_BUFFERS UNITY_USE_DITHER_MASK_FOR_ALPHABLENDED_SHADOWS UNITY_PBS_USE_BRDF1 UNITY_SPECCUBE_BOX_PROJECTION UNITY_SPECCUBE_BLENDING UNITY_ENABLE_DETAIL_NORMALMAP SHADER_API_DESKTOP UNITY_COLORSPACE_GAMMA UNITY_LIGHT_PROBE_PROXY_VOLUME UNITY_LIGHTMAP_FULL_HDR ok=1
Cmd: preprocess
  insize=5697 outsize=573 ok=1
Cmd: preprocess
  insize=13263 outsize=569 ok=1
Cmd: preprocess
  insize=39504 outsize=1891 ok=1
Cmd: preprocess
  insize=3430 outsize=573 ok=1
Cmd: preprocess
  insize=5365 outsize=569 ok=1
Cmd: preprocess
  insize=3953 outsize=580 ok=1
Cmd: preprocess
  insize=4246 outsize=572 ok=1
Cmd: preprocess
  insize=9318 outsize=569 ok=1
Cmd: preprocess
  insize=9588 outsize=574 ok=1
Cmd: preprocess
  insize=11737 outsize=574 ok=1
Cmd: compileSnippet
  error: 1 plat 4 at (197): 'TransformObjectToWorld': implicit truncation of vector type\nCompiling Vertex program
Platform defines: UNITY_ENABLE_REFLECTION_BUFFERS UNITY_USE_DITHER_MASK_FOR_ALPHABLENDED_SHADOWS UNITY_PBS_USE_BRDF1 UNITY_SPECCUBE_BOX_PROJECTION UNITY_SPECCUBE_BLENDING UNITY_ENABLE_DETAIL_NORMALMAP SHADER_API_DESKTOP UNITY_COLORSPACE_GAMMA UNITY_LIGHT_PROBE_PROXY_VOLUME UNITY_LIGHTMAP_FULL_HDR
  api=4 type=0 insize=9086 outsize=1058 kw= pd=UNITY_ENABLE_REFLECTION_BUFFERS UNITY_USE_DITHER_MASK_FOR_ALPHABLENDED_SHADOWS UNITY_PBS_USE_BRDF1 UNITY_SPECCUBE_BOX_PROJECTION UNITY_SPECCUBE_BLENDING UNITY_ENABLE_DETAIL_NORMALMAP SHADER_API_DESKTOP UNITY_COLORSPACE_GAMMA UNITY_LIGHT_PROBE_PROXY_VOLUME UNITY_LIGHTMAP_FULL_HDR ok=1
Cmd: compileSnippet
  error: 1 plat 4 at (255): 'TransformObjectToWorld': implicit truncation of vector type\nCompiling Fragment program
Platform defines: UNITY_ENABLE_REFLECTION_BUFFERS UNITY_USE_DITHER_MASK_FOR_ALPHABLENDED_SHADOWS UNITY_PBS_USE_BRDF1 UNITY_SPECCUBE_BOX_PROJECTION UNITY_SPECCUBE_BLENDING UNITY_ENABLE_DETAIL_NORMALMAP SHADER_API_DESKTOP UNITY_COLORSPACE_GAMMA UNITY_LIGHT_PROBE_PROXY_VOLUME UNITY_LIGHTMAP_FULL_HDR
  api=4 type=1 insize=11500 outsize=1350 kw= pd=UNITY_ENABLE_REFLECTION_BUFFERS UNITY_USE_DITHER_MASK_FOR_ALPHABLENDED_SHADOWS UNITY_PBS_USE_BRDF1 UNITY_SPECCUBE_BOX_PROJECTION UNITY_SPECCUBE_BLENDING UNITY_ENABLE_DETAIL_NORMALMAP SHADER_API_DESKTOP UNITY_COLORSPACE_GAMMA UNITY_LIGHT_PROBE_PROXY_VOLUME UNITY_LIGHTMAP_FULL_HDR ok=1
Cmd: compileSnippet
  api=4 type=0 insize=8798 outsize=1026 kw=UNITY_PASS_SHADOWCASTER pd=UNITY_ENABLE_REFLECTION_BUFFERS UNITY_USE_DITHER_MASK_FOR_ALPHABLENDED_SHADOWS UNITY_PBS_USE_BRDF1 UNITY_SPECCUBE_BOX_PROJECTION UNITY_SPECCUBE_BLENDING UNITY_ENABLE_DETAIL_NORMALMAP SHADER_API_DESKTOP UNITY_COLORSPACE_GAMMA UNITY_LIGHT_PROBE_PROXY_VOLUME UNITY_LIGHTMAP_FULL_HDR ok=1
Cmd: preprocess
  insize=5687 outsize=569 ok=1
Cmd: preprocess
  insize=13253 outsize=564 ok=1
Cmd: preprocess
  insize=39484 outsize=1887 ok=1
Cmd: preprocess
  insize=3420 outsize=568 ok=1
Cmd: preprocess
  insize=5355 outsize=564 ok=1
Cmd: preprocess
  insize=3943 outsize=575 ok=1
Cmd: preprocess
  insize=4236 outsize=567 ok=1
Cmd: preprocess
  insize=9308 outsize=564 ok=1
Cmd: preprocess
  insize=9578 outsize=569 ok=1
Cmd: preprocess
  insize=11727 outsize=569 ok=1
Cmd: compileSnippet
  api=4 type=0 insize=8793 outsize=1026 kw=UNITY_PASS_SHADOWCASTER pd=UNITY_ENABLE_REFLECTION_BUFFERS UNITY_USE_DITHER_MASK_FOR_ALPHABLENDED_SHADOWS UNITY_PBS_USE_BRDF1 UNITY_SPECCUBE_BOX_PROJECTION UNITY_SPECCUBE_BLENDING UNITY_ENABLE_DETAIL_NORMALMAP SHADER_API_DESKTOP UNITY_COLORSPACE_GAMMA UNITY_LIGHT_PROBE_PROXY_VOLUME UNITY_LIGHTMAP_FULL_HDR ok=1
Cmd: preprocess
  insize=811 outsize=209 ok=1
Cmd: preprocess
  insize=8032 outsize=598 ok=1
Cmd: preprocess
  insize=11793 outsize=598 ok=1
Cmd: preprocess
  insize=13319 outsize=591 ok=1
Cmd: preprocess
  insize=39550 outsize=1916 ok=1
Cmd: preprocess
  insize=811 outsize=209 ok=1
Cmd: preprocess
  insize=8243 outsize=657 ok=1
Cmd: preprocess
  insize=9463 outsize=652 ok=1
Cmd: preprocess
  insize=9733 outsize=657 ok=1
Cmd: preprocess
  insize=11919 outsize=657 ok=1
Cmd: preprocess
  insize=13445 outsize=652 ok=1
Cmd: preprocess
  insize=39754 outsize=1975 ok=1
Cmd: compileSnippet
  api=4 type=0 insize=8828 outsize=1026 kw=UNITY_PASS_SHADOWCASTER pd=UNITY_ENABLE_REFLECTION_BUFFERS UNITY_USE_DITHER_MASK_FOR_ALPHABLENDED_SHADOWS UNITY_PBS_USE_BRDF1 UNITY_SPECCUBE_BOX_PROJECTION UNITY_SPECCUBE_BLENDING UNITY_ENABLE_DETAIL_NORMALMAP SHADER_API_DESKTOP UNITY_COLORSPACE_GAMMA UNITY_LIGHT_PROBE_PROXY_VOLUME UNITY_LIGHTMAP_FULL_HDR ok=1
Cmd: preprocess
  insize=8122 outsize=661 ok=1
Cmd: preprocess
  insize=11923 outsize=661 ok=1
Cmd: preprocess
  insize=13449 outsize=656 ok=1
Cmd: preprocess
  insize=39758 outsize=1979 ok=1
Cmd: preprocess
  insize=5806 outsize=660 ok=1
Cmd: preprocess
  insize=3539 outsize=660 ok=1
Cmd: preprocess
  insize=5474 outsize=656 ok=1
Cmd: preprocess
  insize=8247 outsize=661 ok=1
Cmd: preprocess
  insize=9467 outsize=656 ok=1
Cmd: preprocess
  insize=9737 outsize=661 ok=1
Cmd: preprocess
  insize=4062 outsize=667 ok=1
Cmd: preprocess
  insize=4355 outsize=660 ok=1
Cmd: preprocess
  insize=8126 outsize=665 ok=1
Cmd: preprocess
  insize=11927 outsize=665 ok=1
Cmd: preprocess
  insize=13453 outsize=660 ok=1
Cmd: preprocess
  insize=39762 outsize=1983 ok=1
Cmd: preprocess
  insize=5810 outsize=664 ok=1
Cmd: preprocess
  insize=3543 outsize=664 ok=1
Cmd: preprocess
  insize=5478 outsize=660 ok=1
Cmd: preprocess
  insize=8251 outsize=665 ok=1
Cmd: preprocess
  insize=9471 outsize=660 ok=1
Cmd: preprocess
  insize=9741 outsize=665 ok=1
Cmd: preprocess
  insize=4066 outsize=671 ok=1
Cmd: preprocess
  insize=4359 outsize=664 ok=1
Cmd: preprocess
  insize=8126 outsize=665 ok=1
Cmd: preprocess
  insize=11927 outsize=665 ok=1
Cmd: preprocess
  insize=13453 outsize=660 ok=1
Cmd: preprocess
  insize=39762 outsize=1982 ok=1
Cmd: preprocess
  insize=5810 outsize=665 ok=1
Cmd: preprocess
  insize=3543 outsize=664 ok=1
Cmd: preprocess
  insize=5478 outsize=660 ok=1
Cmd: preprocess
  insize=8251 outsize=665 ok=1
Cmd: preprocess
  insize=9471 outsize=660 ok=1
Cmd: preprocess
  insize=9741 outsize=665 ok=1
Cmd: preprocess
  insize=4066 outsize=671 ok=1
Cmd: preprocess
  insize=4359 outsize=664 ok=1
Cmd: compileSnippet
  api=4 type=0 insize=8828 outsize=1026 kw=UNITY_PASS_SHADOWCASTER pd=UNITY_ENABLE_REFLECTION_BUFFERS UNITY_USE_DITHER_MASK_FOR_ALPHABLENDED_SHADOWS UNITY_PBS_USE_BRDF1 UNITY_SPECCUBE_BOX_PROJECTION UNITY_SPECCUBE_BLENDING UNITY_ENABLE_DETAIL_NORMALMAP SHADER_API_DESKTOP UNITY_COLORSPACE_GAMMA UNITY_LIGHT_PROBE_PROXY_VOLUME UNITY_LIGHTMAP_FULL_HDR ok=1
Cmd: preprocess
  insize=811 outsize=209 ok=1
Cmd: preprocess
  insize=3629 outsize=715 ok=1
Cmd: preprocess
  insize=7960 outsize=711 ok=1
Cmd: preprocess
  insize=8292 outsize=716 ok=1
Cmd: preprocess
  insize=9512 outsize=711 ok=1
Cmd: preprocess
  insize=9782 outsize=716 ok=1
Cmd: preprocess
  insize=11968 outsize=716 ok=1
Cmd: preprocess
  insize=13494 outsize=711 ok=1
Cmd: preprocess
  insize=39877 outsize=2033 ok=1
Cmd: compileSnippet
  api=4 type=0 insize=8865 outsize=1026 kw=UNITY_PASS_SHADOWCASTER pd=UNITY_ENABLE_REFLECTION_BUFFERS UNITY_USE_DITHER_MASK_FOR_ALPHABLENDED_SHADOWS UNITY_PBS_USE_BRDF1 UNITY_SPECCUBE_BOX_PROJECTION UNITY_SPECCUBE_BLENDING UNITY_ENABLE_DETAIL_NORMALMAP SHADER_API_DESKTOP UNITY_COLORSPACE_GAMMA UNITY_LIGHT_PROBE_PROXY_VOLUME UNITY_LIGHTMAP_FULL_HDR ok=1
Cmd: preprocess
  insize=8212 outsize=722 ok=1
Cmd: preprocess
  insize=11974 outsize=722 ok=1
Cmd: preprocess
  insize=13500 outsize=717 ok=1
Cmd: preprocess
  insize=39883 outsize=2039 ok=1
Cmd: preprocess
  insize=5896 outsize=722 ok=1
Cmd: preprocess
  insize=3629 outsize=720 ok=1
Cmd: preprocess
  insize=5564 outsize=718 ok=1
Cmd: preprocess
  insize=3635 outsize=721 ok=1
Cmd: preprocess
  insize=7966 outsize=717 ok=1
Cmd: preprocess
  insize=8298 outsize=722 ok=1
Cmd: preprocess
  insize=9518 outsize=717 ok=1
Cmd: preprocess
  insize=9788 outsize=722 ok=1
Cmd: preprocess
  insize=4152 outsize=728 ok=1
Cmd: preprocess
  insize=4445 outsize=721 ok=1
Cmd: preprocess
  insize=8206 outsize=719 ok=1
Cmd: preprocess
  insize=11965 outsize=719 ok=1
Cmd: preprocess
  insize=13491 outsize=713 ok=1
Cmd: preprocess
  insize=39868 outsize=2036 ok=1
Cmd: preprocess
  insize=5890 outsize=718 ok=1
Cmd: preprocess
  insize=3623 outsize=718 ok=1
Cmd: preprocess
  insize=5558 outsize=715 ok=1
Cmd: preprocess
  insize=3626 outsize=717 ok=1
Cmd: preprocess
  insize=7957 outsize=715 ok=1
Cmd: preprocess
  insize=8289 outsize=719 ok=1
Cmd: preprocess
  insize=9509 outsize=714 ok=1
Cmd: preprocess
  insize=9779 outsize=719 ok=1
Cmd: preprocess
  insize=4146 outsize=724 ok=1
Cmd: preprocess
  insize=4439 outsize=718 ok=1
Cmd: compileSnippet
  api=4 type=0 insize=8862 outsize=1026 kw=UNITY_PASS_SHADOWCASTER pd=UNITY_ENABLE_REFLECTION_BUFFERS UNITY_USE_DITHER_MASK_FOR_ALPHABLENDED_SHADOWS UNITY_PBS_USE_BRDF1 UNITY_SPECCUBE_BOX_PROJECTION UNITY_SPECCUBE_BLENDING UNITY_ENABLE_DETAIL_NORMALMAP SHADER_API_DESKTOP UNITY_COLORSPACE_GAMMA UNITY_LIGHT_PROBE_PROXY_VOLUME UNITY_LIGHTMAP_FULL_HDR ok=1
Cmd: preprocess
  insize=8205 outsize=718 ok=1
Cmd: preprocess
  insize=11964 outsize=718 ok=1
Cmd: preprocess
  insize=13490 outsize=712 ok=1
Cmd: preprocess
  insize=39867 outsize=2035 ok=1
Cmd: preprocess
  insize=5889 outsize=717 ok=1
Cmd: preprocess
  insize=3622 outsize=717 ok=1
Cmd: preprocess
  insize=5557 outsize=714 ok=1
Cmd: preprocess
  insize=3625 outsize=716 ok=1
Cmd: preprocess
  insize=7956 outsize=714 ok=1
Cmd: preprocess
  insize=8288 outsize=718 ok=1
Cmd: preprocess
  insize=9508 outsize=713 ok=1
Cmd: preprocess
  insize=9778 outsize=718 ok=1
Cmd: preprocess
  insize=4145 outsize=723 ok=1
Cmd: preprocess
  insize=4438 outsize=717 ok=1
Cmd: preprocess
  insize=8204 outsize=717 ok=1
Cmd: preprocess
  insize=11963 outsize=717 ok=1
Cmd: preprocess
  insize=13489 outsize=711 ok=1
Cmd: preprocess
  insize=39866 outsize=2034 ok=1
Cmd: preprocess
  insize=5888 outsize=716 ok=1
Cmd: preprocess
  insize=3621 outsize=716 ok=1
Cmd: preprocess
  insize=5556 outsize=713 ok=1
Cmd: preprocess
  insize=3624 outsize=715 ok=1
Cmd: preprocess
  insize=7955 outsize=713 ok=1
Cmd: preprocess
  insize=8287 outsize=717 ok=1
Cmd: preprocess
  insize=9507 outsize=712 ok=1
Cmd: preprocess
  insize=9777 outsize=717 ok=1
Cmd: preprocess
  insize=4144 outsize=722 ok=1
Cmd: preprocess
  insize=4437 outsize=716 ok=1
Cmd: preprocess
  insize=8273 outsize=757 ok=1
Cmd: preprocess
  insize=12032 outsize=757 ok=1
Cmd: preprocess
  insize=13558 outsize=752 ok=1
Cmd: preprocess
  insize=40017 outsize=2074 ok=1
Cmd: preprocess
  insize=5957 outsize=756 ok=1
Cmd: preprocess
  insize=3690 outsize=755 ok=1
Cmd: preprocess
  insize=5625 outsize=753 ok=1
Cmd: preprocess
  insize=3693 outsize=756 ok=1
Cmd: preprocess
  insize=8024 outsize=752 ok=1
Cmd: preprocess
  insize=8356 outsize=757 ok=1
Cmd: preprocess
  insize=9576 outsize=752 ok=1
Cmd: preprocess
  insize=9846 outsize=757 ok=1
Cmd: preprocess
  insize=4213 outsize=763 ok=1
Cmd: preprocess
  insize=4506 outsize=756 ok=1
Cmd: compileSnippet
  error: 1 plat 4 at (202): 'TransformObjectToWorld': implicit truncation of vector type\nCompiling Vertex program
Platform defines: UNITY_ENABLE_REFLECTION_BUFFERS UNITY_USE_DITHER_MASK_FOR_ALPHABLENDED_SHADOWS UNITY_PBS_USE_BRDF1 UNITY_SPECCUBE_BOX_PROJECTION UNITY_SPECCUBE_BLENDING UNITY_ENABLE_DETAIL_NORMALMAP SHADER_API_DESKTOP UNITY_COLORSPACE_GAMMA UNITY_LIGHT_PROBE_PROXY_VOLUME UNITY_LIGHTMAP_FULL_HDR
  api=4 type=0 insize=9161 outsize=1058 kw= pd=UNITY_ENABLE_REFLECTION_BUFFERS UNITY_USE_DITHER_MASK_FOR_ALPHABLENDED_SHADOWS UNITY_PBS_USE_BRDF1 UNITY_SPECCUBE_BOX_PROJECTION UNITY_SPECCUBE_BLENDING UNITY_ENABLE_DETAIL_NORMALMAP SHADER_API_DESKTOP UNITY_COLORSPACE_GAMMA UNITY_LIGHT_PROBE_PROXY_VOLUME UNITY_LIGHTMAP_FULL_HDR ok=1
Cmd: compileSnippet
  api=4 type=0 insize=8899 outsize=1026 kw=UNITY_PASS_SHADOWCASTER pd=UNITY_ENABLE_REFLECTION_BUFFERS UNITY_USE_DITHER_MASK_FOR_ALPHABLENDED_SHADOWS UNITY_PBS_USE_BRDF1 UNITY_SPECCUBE_BOX_PROJECTION UNITY_SPECCUBE_BLENDING UNITY_ENABLE_DETAIL_NORMALMAP SHADER_API_DESKTOP UNITY_COLORSPACE_GAMMA UNITY_LIGHT_PROBE_PROXY_VOLUME UNITY_LIGHTMAP_FULL_HDR ok=1
Cmd: preprocess
  insize=811 outsize=209 ok=1
Cmd: preprocess
  insize=7986 outsize=764 ok=1
Cmd: preprocess
  insize=8312 outsize=767 ok=1
Cmd: preprocess
  insize=12071 outsize=767 ok=1
Cmd: preprocess
  insize=13597 outsize=760 ok=1
Cmd: preprocess
  insize=40056 outsize=2084 ok=1
Cmd: preprocess
  insize=8312 outsize=767 ok=1
Cmd: preprocess
  insize=12071 outsize=767 ok=1
Cmd: preprocess
  insize=13597 outsize=760 ok=1
Cmd: preprocess
  insize=40056 outsize=2084 ok=1
Cmd: preprocess
  insize=5967 outsize=767 ok=1
Cmd: preprocess
  insize=3700 outsize=766 ok=1
Cmd: preprocess
  insize=5635 outsize=763 ok=1
Cmd: preprocess
  insize=3703 outsize=766 ok=1
Cmd: preprocess
  insize=8034 outsize=762 ok=1
Cmd: preprocess
  insize=8366 outsize=767 ok=1
Cmd: preprocess
  insize=9586 outsize=762 ok=1
Cmd: preprocess
  insize=9856 outsize=767 ok=1
Cmd: preprocess
  insize=7986 outsize=764 ok=1
Cmd: preprocess
  insize=4223 outsize=773 ok=1
Cmd: preprocess
  insize=4516 outsize=766 ok=1
Cmd: compileSnippet
  api=4 type=0 insize=8899 outsize=1026 kw=UNITY_PASS_SHADOWCASTER pd=UNITY_ENABLE_REFLECTION_BUFFERS UNITY_USE_DITHER_MASK_FOR_ALPHABLENDED_SHADOWS UNITY_PBS_USE_BRDF1 UNITY_SPECCUBE_BOX_PROJECTION UNITY_SPECCUBE_BLENDING UNITY_ENABLE_DETAIL_NORMALMAP SHADER_API_DESKTOP UNITY_COLORSPACE_GAMMA UNITY_LIGHT_PROBE_PROXY_VOLUME UNITY_LIGHTMAP_FULL_HDR ok=1
Cmd: preprocess
  insize=38606 outsize=2113 ok=1

Quitting shader compiler process
